<?xml version="1.0" encoding="UTF-8"?>
<!-- Generated by org.testng.reporters.JUnitReportReporter -->
<testsuite hostname="DESKTOP-KRH0EH3" failures="0" tests="3" name="testngprojects.InformationCommands" time="0.225" errors="0" timestamp="2023-06-08T13:32:27 IST" skipped="0">
  <testcase classname="testngprojects.InformationCommands" name="Gmail" time="0.071"/>
  <system-out/>
  <testcase classname="testngprojects.InformationCommands" name="google_image" time="0.081"/>
  <system-out/>
  <testcase classname="testngprojects.InformationCommands" name="search_button" time="0.073"/>
  <system-out/>
</testsuite> <!-- testngprojects.InformationCommands -->
