<?xml version="1.0" encoding="UTF-8"?>
<!-- Generated by org.testng.reporters.JUnitReportReporter -->
<testsuite hostname="DESKTOP-KRH0EH3" failures="0" tests="1" name="testngprojects.Popupwindow" time="32.606" errors="0" timestamp="2023-06-08T11:19:58 IST" skipped="0">
  <testcase classname="testngprojects.Popupwindow" name="windowpopup" time="32.606"/>
  <system-out/>
</testsuite> <!-- testngprojects.Popupwindow -->
