<?xml version="1.0" encoding="UTF-8"?>
<!-- Generated by org.testng.reporters.JUnitReportReporter -->
<testsuite hostname="DESKTOP-KRH0EH3" failures="0" tests="1" name="testngprojects.MouseOverActions" time="10.923" errors="0" timestamp="2023-06-07T21:20:31 IST" skipped="0">
  <testcase classname="testngprojects.MouseOverActions" name="f" time="10.923"/>
  <system-out/>
</testsuite> <!-- testngprojects.MouseOverActions -->
