<?xml version="1.0" encoding="UTF-8"?>
<!-- Generated by org.testng.reporters.JUnitReportReporter -->
<testsuite hostname="DESKTOP-KRH0EH3" failures="0" tests="1" name="testngprojects.Alerts" time="3.221" errors="0" timestamp="2023-06-07T11:23:48 IST" skipped="0">
  <testcase classname="testngprojects.Alerts" name="f" time="3.221"/>
  <system-out/>
</testsuite> <!-- testngprojects.Alerts -->
